Arguments: 
  C:\Program Files\nodejs\node.exe C:\Users\肆意\AppData\Roaming\npm\node_modules\yarn\bin\yarn.js add *

PATH: 
  C:\Program Files (x86)\Intel\iCLS Client\;C:\Program Files\Intel\iCLS Client\;C:\Windows\system32;C:\Windows;C:\Windows\System32\Wbem;C:\Windows\System32\WindowsPowerShell\v1.0\;C:\Program Files (x86)\Intel\Intel(R) Management Engine Components\DAL;C:\Program Files\Intel\Intel(R) Management Engine Components\DAL;C:\Program Files (x86)\Intel\Intel(R) Management Engine Components\IPT;C:\Program Files\Intel\Intel(R) Management Engine Components\IPT;C:\Program Files (x86)\NVIDIA Corporation\PhysX\Common;C:\WINDOWS\system32;C:\WINDOWS;C:\WINDOWS\System32\Wbem;C:\WINDOWS\System32\WindowsPowerShell\v1.0\;C:\Program Files\VisualSVN Server\bin;C:\Program Files\TortoiseSVN\bin;C:\WINDOWS\System32\OpenSSH\;C:\Program Files\Git\cmd;C:\Program Files\SlikSvn\bin;C:\Program Files\nodejs\;C:\Program Files\TortoiseGit\bin;C:\Users\肆意\AppData\Roaming\npm

Yarn version: 
  1.9.2

Node version: 
  8.11.3

Platform: 
  win32 x64

Trace: 
  Error: https://registry.yarnpkg.com/*: Not found
      at Request.params.callback [as _callback] (C:\Users\肆意\AppData\Roaming\npm\node_modules\yarn\lib\cli.js:64150:18)
      at Request.self.callback (C:\Users\肆意\AppData\Roaming\npm\node_modules\yarn\lib\cli.js:137416:22)
      at emitTwo (events.js:126:13)
      at Request.emit (events.js:214:7)
      at Request.<anonymous> (C:\Users\肆意\AppData\Roaming\npm\node_modules\yarn\lib\cli.js:138388:10)
      at emitOne (events.js:116:13)
      at Request.emit (events.js:211:7)
      at IncomingMessage.<anonymous> (C:\Users\肆意\AppData\Roaming\npm\node_modules\yarn\lib\cli.js:138310:12)
      at Object.onceWrapper (events.js:313:30)
      at emitNone (events.js:111:20)

npm manifest: 
  {
    "name": "ggzhipin-server",
    "version": "0.0.0",
    "private": true,
    "scripts": {
      "start": "nodemon ./bin/www"
    },
    "dependencies": {
      "blueimp-md5": "^2.10.0",
      "cookie-parser": "~1.4.3",
      "debug": "~2.6.9",
      "ejs": "~2.5.7",
      "express": "~4.16.0",
      "http-errors": "~1.6.2",
      "mongoose": "^5.2.7",
      "morgan": "~1.9.0"
    },
    "devDependencies": {
      "nodemon": "^1.18.3"
    }
  }

yarn manifest: 
  No manifest

Lockfile: 
  No lockfile
